<?xml version="1.0" encoding="UTF-8"?>
<testsuites name="login" time="35" tests="2" failures="1" errors="0">
   <testsuite name="login" tests="2" failures="1" errors="0" time="35" timestamp="2018-05-04 17:03:11" hostname="hwanta - DESKTOP-0ALRP70" id="Test Suites/login">
      <properties>
         <property name="deviceName" value=""/>
         <property name="devicePlatform" value=""/>
         <property name="logFolder" value="C:\\Users\\godo\\Katalon Studio\\front\\Reports\\login\\20180504_170309"/>
         <property name="logFiles" value="C:\\Users\\godo\\Katalon Studio\\front\\Reports\\login\\20180504_170309\\execution0.log"/>
         <property name="attachments" value="C:\\Users\\godo\\Katalon Studio\\front\\Reports\\login\\20180504_170309\\1525421025611.png, C:\\Users\\godo\\Katalon Studio\\front\\Reports\\login\\20180504_170309\\1525421025886.png"/>
         <property name="hostName" value="hwanta - DESKTOP-0ALRP70"/>
         <property name="os" value="Windows 10 64bit"/>
         <property name="katalonVersion" value="5.4.0.1"/>
         <property name="browser" value="Chrome 66.0.3359.139"/>
         <property name="hostAddress" value="10.77.236.189"/>
         <property name="sessionId" value="8e3ededd2c4b1bb5b8ecc79a80fd207f"/>
         <property name="seleniumVersion" value="3.7.1"/>
         <property name="proxyInformation" value="ProxyInformation{proxyOption=NO_PROXY, proxyServerType=HTTP, password=, proxyServerAddress=, proxyServerPort=0}"/>
         <property name="platform" value="Windows 10"/>
      </properties>
      <testcase name="Test Cases/login/login_invalid_logout" classname="Test Cases/login/login_invalid_logout" status="PASSED">
         <system-out><![CDATA[2018-05-04 17:03:11 - [TEST_CASE][PASSED] - Test Cases/login/login_invalid_logout: Test Cases/login/login_invalid_logout

2018-05-04 17:03:12 - [TEST_STEP][PASSED] - openBrowser: Browser is opened with url: 'g5stdhwanta7.godomall.com'

2018-05-04 17:03:28 - [MESSAGE][PASSED] - Browser is opened with url: 'g5stdhwanta7.godomall.com'

2018-05-04 17:03:28 - [TEST_STEP][PASSED] - click: Object: 'Object Repository/TOP/top_navi/header_login' is clicked on

2018-05-04 17:03:29 - [MESSAGE][PASSED] - Object: 'Object Repository/TOP/top_navi/header_login' is clicked on

2018-05-04 17:03:29 - [TEST_STEP][PASSED] - setText: Text 'hwanta' is set on object 'Object Repository/Page/login/Page login/input_loginId'

2018-05-04 17:03:30 - [MESSAGE][PASSED] - Text 'hwanta' is set on object 'Object Repository/Page/login/Page login/input_loginId'

2018-05-04 17:03:30 - [TEST_STEP][PASSED] - setText: Text '7894561231' is set on object 'Object Repository/Page/login/Page login/input_loginPwd'

2018-05-04 17:03:30 - [MESSAGE][PASSED] - Text '7894561231' is set on object 'Object Repository/Page/login/Page login/input_loginPwd'

2018-05-04 17:03:30 - [TEST_STEP][PASSED] - click: Object: 'Object Repository/Page/login/Page login/button_login' is clicked on

2018-05-04 17:03:30 - [MESSAGE][PASSED] - Object: 'Object Repository/Page/login/Page login/button_login' is clicked on

2018-05-04 17:03:30 - [TEST_STEP][PASSED] - delay: Delayed 2 second(s)

2018-05-04 17:03:32 - [MESSAGE][PASSED] - Delayed 2 second(s)

2018-05-04 17:03:32 - [TEST_STEP][PASSED] - acceptAlert: Alert accepted

2018-05-04 17:03:32 - [MESSAGE][PASSED] - Alert accepted

2018-05-04 17:03:32 - [TEST_STEP][PASSED] - setText: Text 'hwanta' is set on object 'Object Repository/Page/login/Page login/input_loginId'

2018-05-04 17:03:32 - [MESSAGE][PASSED] - Text 'hwanta' is set on object 'Object Repository/Page/login/Page login/input_loginId'

2018-05-04 17:03:32 - [TEST_STEP][PASSED] - setText: Text '789456123w' is set on object 'Object Repository/Page/login/Page login/input_loginPwd'

2018-05-04 17:03:32 - [MESSAGE][PASSED] - Text '789456123w' is set on object 'Object Repository/Page/login/Page login/input_loginPwd'

2018-05-04 17:03:32 - [TEST_STEP][PASSED] - click: Object: 'Object Repository/Page/login/Page login/button_login' is clicked on

2018-05-04 17:03:32 - [MESSAGE][PASSED] - Object: 'Object Repository/Page/login/Page login/button_login' is clicked on

2018-05-04 17:03:32 - [TEST_STEP][PASSED] - click: Object: 'Object Repository/TOP/top_navi/header_logout' is clicked on

2018-05-04 17:03:34 - [MESSAGE][PASSED] - Object: 'Object Repository/TOP/top_navi/header_logout' is clicked on

2018-05-04 17:03:34 - [TEST_STEP][PASSED] - delay: Delayed 2 second(s)

2018-05-04 17:03:36 - [MESSAGE][PASSED] - Delayed 2 second(s)

2018-05-04 17:03:36 - [TEST_STEP][PASSED] - acceptAlert: Alert accepted

2018-05-04 17:03:36 - [MESSAGE][PASSED] - Alert accepted

2018-05-04 17:03:36 - [TEST_STEP][PASSED] - click: Object: 'Object Repository/TOP/top_navi/header_login' is clicked on

2018-05-04 17:03:38 - [MESSAGE][PASSED] - Object: 'Object Repository/TOP/top_navi/header_login' is clicked on]]></system-out>
         <system-err><![CDATA[]]></system-err>
      </testcase>
      <testcase name="Test Cases/login/login_ID search" classname="Test Cases/login/login_ID search" status="PASSED">
         <system-out><![CDATA[2018-05-04 17:03:38 - [TEST_CASE][PASSED] - Test Cases/login/login_ID search: Test Cases/login/login_ID search

2018-05-04 17:03:38 - [TEST_STEP][PASSED] - navigateToUrl: Navigate to 'http://g5stdhwanta7.godomall.com' successfully

2018-05-04 17:03:39 - [MESSAGE][PASSED] - Navigate to 'http://g5stdhwanta7.godomall.com' successfully

2018-05-04 17:03:39 - [TEST_STEP][PASSED] - click: Object: 'Object Repository/TOP/top_navi/header_login' is clicked on

2018-05-04 17:03:40 - [MESSAGE][PASSED] - Object: 'Object Repository/TOP/top_navi/header_login' is clicked on

2018-05-04 17:03:40 - [TEST_STEP][PASSED] - click: Object: 'Object Repository/Page/login/Page login/button_id_search' is clicked on

2018-05-04 17:03:41 - [MESSAGE][PASSED] - Object: 'Object Repository/Page/login/Page login/button_id_search' is clicked on

2018-05-04 17:03:41 - [TEST_STEP][PASSED] - setText: Text '문태형' is set on object 'Object Repository/Page/login/search/ID search/input_userName'

2018-05-04 17:03:41 - [MESSAGE][PASSED] - Text '문태형' is set on object 'Object Repository/Page/login/search/ID search/input_userName'

2018-05-04 17:03:41 - [TEST_STEP][PASSED] - setText: Text 'hwanta@godo.co.kr' is set on object 'Object Repository/Page/login/search/ID search/input_userEmail'

2018-05-04 17:03:41 - [MESSAGE][PASSED] - Text 'hwanta@godo.co.kr' is set on object 'Object Repository/Page/login/search/ID search/input_userEmail'

2018-05-04 17:03:41 - [TEST_STEP][PASSED] - click: Object: 'Object Repository/Page/login/search/ID search/button_id search' is clicked on

2018-05-04 17:03:41 - [MESSAGE][PASSED] - Object: 'Object Repository/Page/login/search/ID search/button_id search' is clicked on

2018-05-04 17:03:41 - [TEST_STEP][PASSED] - verifyTextPresent: Text 'hwanta' is present on page 

2018-05-04 17:03:41 - [MESSAGE][PASSED] - Text 'hwanta' is present on page]]></system-out>
         <system-err><![CDATA[]]></system-err>
      </testcase>
      <testcase name="Test Cases/login/login_Password search" classname="Test Cases/login/login_Password search" status="FAILED">
         <failure type="FAILED" message="Unable to get alert text (Root cause: No alert found)"/>
         <system-out><![CDATA[2018-05-04 17:03:41 - [TEST_CASE][FAILED] - Test Cases/login/login_Password search: Test Cases/login/login_Password search FAILED because (of) Unable to get alert text (Root cause: No alert found)

2018-05-04 17:03:41 - [TEST_STEP][PASSED] - navigateToUrl: Navigate to 'http://g5stdhwanta7.godomall.com' successfully

2018-05-04 17:03:42 - [MESSAGE][PASSED] - Navigate to 'http://g5stdhwanta7.godomall.com' successfully

2018-05-04 17:03:42 - [TEST_STEP][PASSED] - click: Object: 'Object Repository/TOP/top_navi/header_login' is clicked on

2018-05-04 17:03:44 - [MESSAGE][PASSED] - Object: 'Object Repository/TOP/top_navi/header_login' is clicked on

2018-05-04 17:03:44 - [TEST_STEP][PASSED] - click: Object: 'Object Repository/Page/login/Page login/button_password_search' is clicked on

2018-05-04 17:03:44 - [MESSAGE][PASSED] - Object: 'Object Repository/Page/login/Page login/button_password_search' is clicked on

2018-05-04 17:03:44 - [TEST_STEP][PASSED] - setText: Text 'hwanta' is set on object 'Object Repository/Page/login/search/Password search/input_memberId'

2018-05-04 17:03:44 - [MESSAGE][PASSED] - Text 'hwanta' is set on object 'Object Repository/Page/login/search/Password search/input_memberId'

2018-05-04 17:03:44 - [TEST_STEP][PASSED] - click: Object: 'Object Repository/Page/login/search/Password search/button_next' is clicked on

2018-05-04 17:03:44 - [MESSAGE][PASSED] - Object: 'Object Repository/Page/login/search/Password search/button_next' is clicked on

2018-05-04 17:03:44 - [TEST_STEP][PASSED] - click: Object: 'Object Repository/Page/login/search/Password search/label_email auth' is clicked on

2018-05-04 17:03:45 - [MESSAGE][PASSED] - Object: 'Object Repository/Page/login/search/Password search/label_email auth' is clicked on

2018-05-04 17:03:45 - [TEST_STEP][PASSED] - click: Object: 'Object Repository/Page/login/search/Password search/button_next' is clicked on

2018-05-04 17:03:45 - [MESSAGE][PASSED] - Object: 'Object Repository/Page/login/search/Password search/button_next' is clicked on

2018-05-04 17:03:45 - [TEST_STEP][FAILED] - Statement - alert = com.kms.katalon.core.webui.keyword.WebUiBuiltInKeywords.getAlertText(): Unable to get alert text (Root cause: No alert found)

2018-05-04 17:03:45 - [MESSAGE][FAILED] - No alert found
[[ATTACHMENT|C:\\Users\\godo\\Katalon Studio\\front\\Reports\\login\\20180504_170309\\1525421025611.png]]

2018-05-04 17:03:46 - [MESSAGE][FAILED] - Unable to get alert text (Root cause: No alert found)
[[ATTACHMENT|C:\\Users\\godo\\Katalon Studio\\front\\Reports\\login\\20180504_170309\\1525421025886.png]]]]></system-out>
         <system-err><![CDATA[2018-05-04 17:03:41 - [TEST_CASE][FAILED] - Test Cases/login/login_Password search: Test Cases/login/login_Password search FAILED because (of) Unable to get alert text (Root cause: No alert found)]]></system-err>
      </testcase>
      <system-out><![CDATA[2018-05-04 17:03:11 - [TEST_SUITE][FAILED] - login: Test Cases/login/login_Password search FAILED because (of) Unable to get alert text (Root cause: No alert found)]]></system-out>
      <system-err><![CDATA[2018-05-04 17:03:11 - [TEST_SUITE][FAILED] - login: Test Cases/login/login_Password search FAILED because (of) Unable to get alert text (Root cause: No alert found)]]></system-err>
   </testsuite>
</testsuites>
